<?xml version="1.0" encoding="UTF-8"?>
<!-- Generated by org.testng.reporters.JUnitXMLReporter -->
<testsuite hostname="DESKTOP-9I4GOD1" ignored="6" name="Test" tests="12" failures="0" timestamp="2022-08-23T18:35:44 IST" time="0.149" errors="0">
  <testcase name="it1" time="0.012" classname="testngPack.GroupsFlags"/>
  <testcase name="it2" time="0.004" classname="testngPack.GroupsFlags"/>
  <testcase name="it3" time="0.007" classname="testngPack.GroupsFlags"/>
  <testcase name="it4" time="0.002" classname="testngPack.GroupsFlags"/>
  <testcase name="it5" time="0.003" classname="testngPack.GroupsFlags"/>
  <testcase name="it6" time="0.002" classname="testngPack.GroupsFlags"/>
  <testcase name="smoke1" time="0.003" classname="testngPack.GroupsFlags"/>
  <testcase name="smoke2" time="0.002" classname="testngPack.GroupsFlags"/>
  <testcase name="smoke3" time="0.001" classname="testngPack.GroupsFlags"/>
  <testcase name="smoke4" time="0.004" classname="testngPack.GroupsFlags"/>
  <testcase name="smoke5" time="0.003" classname="testngPack.GroupsFlags"/>
  <testcase name="smoke6" time="0.002" classname="testngPack.GroupsFlags"/>
  <testcase name="ft1" time="0.0" classname="testngPack.GroupsFlags">
    <ignored/>
  </testcase> <!-- ft1 -->
  <testcase name="ft3" time="0.0" classname="testngPack.GroupsFlags">
    <ignored/>
  </testcase> <!-- ft3 -->
  <testcase name="ft2" time="0.0" classname="testngPack.GroupsFlags">
    <ignored/>
  </testcase> <!-- ft2 -->
  <testcase name="ft5" time="0.0" classname="testngPack.GroupsFlags">
    <ignored/>
  </testcase> <!-- ft5 -->
  <testcase name="ft4" time="0.0" classname="testngPack.GroupsFlags">
    <ignored/>
  </testcase> <!-- ft4 -->
  <testcase name="ft6" time="0.0" classname="testngPack.GroupsFlags">
    <ignored/>
  </testcase> <!-- ft6 -->
</testsuite> <!-- Test -->
