<?xml version="1.0" encoding="UTF-8"?>
<!-- Generated by org.testng.reporters.JUnitXMLReporter -->
<testsuite hostname="DESKTOP-9I4GOD1" ignored="6" name="GRP-FUNCTIONAL,SMOKE" tests="12" failures="0" timestamp="2022-08-31T11:42:22 IST" time="0.134" errors="0">
  <testcase name="ft1" time="0.016" classname="testngPack.GroupsFlags"/>
  <testcase name="ft2" time="0.0" classname="testngPack.GroupsFlags"/>
  <testcase name="ft3" time="0.0" classname="testngPack.GroupsFlags"/>
  <testcase name="ft4" time="0.0" classname="testngPack.GroupsFlags"/>
  <testcase name="ft5" time="0.0" classname="testngPack.GroupsFlags"/>
  <testcase name="ft6" time="0.0" classname="testngPack.GroupsFlags"/>
  <testcase name="smoke1" time="0.0" classname="testngPack.GroupsFlags"/>
  <testcase name="smoke2" time="0.0" classname="testngPack.GroupsFlags"/>
  <testcase name="smoke3" time="0.0" classname="testngPack.GroupsFlags"/>
  <testcase name="smoke4" time="0.015" classname="testngPack.GroupsFlags"/>
  <testcase name="smoke5" time="0.0" classname="testngPack.GroupsFlags"/>
  <testcase name="smoke6" time="0.016" classname="testngPack.GroupsFlags"/>
  <testcase name="it2" time="0.0" classname="testngPack.GroupsFlags">
    <ignored/>
  </testcase> <!-- it2 -->
  <testcase name="it1" time="0.0" classname="testngPack.GroupsFlags">
    <ignored/>
  </testcase> <!-- it1 -->
  <testcase name="it4" time="0.0" classname="testngPack.GroupsFlags">
    <ignored/>
  </testcase> <!-- it4 -->
  <testcase name="it3" time="0.0" classname="testngPack.GroupsFlags">
    <ignored/>
  </testcase> <!-- it3 -->
  <testcase name="it6" time="0.0" classname="testngPack.GroupsFlags">
    <ignored/>
  </testcase> <!-- it6 -->
  <testcase name="it5" time="0.0" classname="testngPack.GroupsFlags">
    <ignored/>
  </testcase> <!-- it5 -->
</testsuite> <!-- GRP-FUNCTIONAL,SMOKE -->
